mode: set
github/init.go:5.13,7.2 1 0
github/code/poo/composicao/base_animal/index.go:53.64,55.2 1 0
github/code/poo/composicao/base_animal/index.go:60.27,62.2 1 0
github/code/poo/composicao/base_animal/index.go:64.31,66.2 1 0
github/code/poo/composicao/base_animal/index.go:68.13,90.2 4 0
github/code/poo/composicao/veiculo/index.go:15.32,17.2 1 0
github/code/poo/composicao/veiculo/index.go:24.31,26.2 1 0
github/code/poo/composicao/veiculo/index.go:33.37,35.2 1 0
github/code/poo/composicao/veiculo/index.go:37.33,39.2 1 0
github/code/poo/composicao/veiculo/index.go:40.30,42.2 1 0
github/code/poo/composicao/veiculo/index.go:50.13,60.2 2 0
github/estruturas/colecoes/arrays/index.go:7.15,13.2 5 0
github/estruturas/colecoes/arrays/index.go:15.13,17.2 1 0
github/estruturas/estrutura_de_informacoes_chave_valor/map/index.go:16.13,23.2 1 0
github/ferramenta_operadores_incrementais/index.go:5.13,19.2 10 0
github/ferramenta_repeticoes/for_para_cada/02_mudar_valor_variavel_moderno/index.go:8.13,10.29 1 0
github/ferramenta_repeticoes/for_para_cada/02_mudar_valor_variavel_moderno/index.go:10.29,13.3 2 0
github/ferramenta_repeticoes/for_para_cada/01_mudar_valor_variavel_simples/index.go:8.13,13.13 2 0
github/ferramenta_repeticoes/for_para_cada/01_mudar_valor_variavel_simples/index.go:13.13,17.3 3 0
github/ferramenta_repeticoes/for_para_cada/03_for_range_iterar_em_agrupador_array/index.go:13.20,15.36 1 0
github/ferramenta_repeticoes/for_para_cada/03_for_range_iterar_em_agrupador_array/index.go:15.36,17.3 1 0
github/ferramenta_repeticoes/for_para_cada/03_for_range_iterar_em_agrupador_array/index.go:21.29,22.40 1 0
github/ferramenta_repeticoes/for_para_cada/03_for_range_iterar_em_agrupador_array/index.go:22.40,24.3 1 0
github/ferramenta_repeticoes/for_para_cada/03_for_range_iterar_em_agrupador_array/index.go:27.13,31.2 1 0
github/test_pro/index.go:3.25,5.2 1 0
github/test_pro/index.go:7.34,9.2 1 0
github/tipos/erro/index.go:9.62,11.18 1 0
github/tipos/erro/index.go:11.18,14.3 1 0
github/tipos/erro/index.go:16.2,16.33 1 0
github/tipos/erro/index.go:21.52,23.2 1 0
github/tipos/erro/index.go:26.13,29.16 2 0
github/tipos/erro/index.go:29.16,31.3 1 0
github/tipos/erro/index.go:32.2,32.26 1 0
github/tipos/numeros/index.go:12.13,16.2 3 0
github/tipos/texto/formatacao_texto/index.go:5.13,15.2 4 0
github/tipos/texto/texto/index.go:5.13,15.2 4 0
